
> rest-express@1.0.0 start
> NODE_ENV=production node dist/index.js

Using database storage for data persistence...
Database storage initialized
Checking sessions table...
Checking database initialization...
DATABASE_URL exists: true
DATABASE_URL preview: postgresql://postgre...
Checking sessions table...
{
  severity_local: 'NOTICE',
  severity: 'NOTICE',
  code: '42P07',
  message: 'relation "sessions" already exists, skipping',
  file: 'parse_utilcmd.c',
  line: '207',
  routine: 'transformCreateStmt'
}
{
  severity_local: 'NOTICE',
  severity: 'NOTICE',
  code: '42P07',
  message: 'relation "sessions" already exists, skipping',
  file: 'parse_utilcmd.c',
  line: '207',
  routine: 'transformCreateStmt'
}
{
  severity_local: 'NOTICE',
  severity: 'NOTICE',
  code: '42P07',
  message: 'relation "IDX_session_expire" already exists, skipping',
  file: 'index.c',
  line: '877',
  routine: 'index_create'
}
Sessions table ready
{
  severity_local: 'NOTICE',
  severity: 'NOTICE',
  code: '42P07',
  message: 'relation "IDX_session_expire" already exists, skipping',
  file: 'index.c',
  line: '877',
  routine: 'index_create'
}
Sessions table ready
Session migration complete
